TN:
SF:src/mod/PrimeNumber.ts
FN:6,CrearNumerosPrimos
FN:40,(anonymous_1)
FN:48,(anonymous_2)
FN:58,(anonymous_3)
FN:65,(anonymous_4)
FN:76,(anonymous_5)
FN:88,(anonymous_6)
FN:92,(anonymous_7)
FN:98,(anonymous_8)
FNF:9
FNH:9
FNDA:5,CrearNumerosPrimos
FNDA:1,(anonymous_1)
FNDA:2,(anonymous_2)
FNDA:29,(anonymous_3)
FNDA:3,(anonymous_4)
FNDA:2,(anonymous_5)
FNDA:4,(anonymous_6)
FNDA:25,(anonymous_7)
FNDA:1,(anonymous_8)
DA:6,1
DA:7,5
DA:8,5
DA:9,5
DA:10,5
DA:11,201
DA:12,7722
DA:13,484
DA:16,201
DA:17,65
DA:19,201
DA:20,201
DA:22,5
DA:33,1
DA:34,1
DA:41,1
DA:49,2
DA:50,1
DA:52,2
DA:59,29
DA:66,3
DA:67,1
DA:69,2
DA:77,2
DA:78,1
DA:80,1
DA:89,4
DA:90,3
DA:92,25
DA:99,1
LF:30
LH:30
BRDA:12,0,0,484
BRDA:12,0,1,7238
BRDA:16,1,0,65
BRDA:16,1,1,136
BRDA:49,2,0,1
BRDA:49,2,1,1
BRDA:66,3,0,1
BRDA:66,3,1,2
BRDA:77,4,0,1
BRDA:77,4,1,1
BRDA:89,5,0,3
BRDA:89,5,1,1
BRDA:89,6,0,4
BRDA:89,6,1,3
BRDA:89,6,2,2
BRDA:89,6,3,1
BRDA:92,7,0,25
BRDA:92,7,1,24
BRF:18
BRH:18
end_of_record
